<?xml version="1.0" encoding="UTF-8"?>
<!-- Generated by org.testng.reporters.JUnitXMLReporter -->
<testsuite hostname="DESKTOP-GOMK6OD" ignored="2" name="Car Loan" tests="5" failures="0" timestamp="26 Nov 2017 20:11:10 GMT" time="0.113" errors="0">
  <testcase name="MobileLogincarLoan" time="0.014" classname="test.day3"/>
  <testcase name="MobilesignoutcarLoan" time="0.004" classname="test.day3"/>
  <testcase name="MobilesignoutcarLoan" time="0.012" classname="test.day3"/>
  <testcase name="MobilesignoutcarLoan" time="0.012" classname="test.day3"/>
  <testcase name="WebloginCarLoan" time="0.002" classname="test.day3"/>
  <testcase name="APIcarLoan" time="0.0" classname="test.day3">
    <ignored/>
  </testcase> <!-- APIcarLoan -->
  <testcase name="MobilesignimcarLoan" time="0.0" classname="test.day3">
    <ignored/>
  </testcase> <!-- MobilesignimcarLoan -->
</testsuite> <!-- Car Loan -->
