<?xml version="1.0" encoding="UTF-8"?>
<!-- Generated by org.testng.reporters.JUnitXMLReporter -->
<testsuite hostname="DESKTOP-GOMK6OD" ignored="3" name="Regression" tests="8" failures="0" timestamp="24 Nov 2017 21:35:33 GMT" time="0.135" errors="0">
  <testcase name="Demo" time="0.006" classname="test.day1"/>
  <testcase name="SecondTest" time="0.004" classname="test.day1"/>
  <testcase name="LoginAPIHomeLoan" time="0.01" classname="test.day4"/>
  <testcase name="WebloginHomeLoan" time="0.014" classname="test.day4"/>
  <testcase name="APIcarLoan" time="0.003" classname="test.day3"/>
  <testcase name="MobilesignimcarLoan" time="0.008" classname="test.day3"/>
  <testcase name="MobilesignoutcarLoan" time="0.004" classname="test.day3"/>
  <testcase name="WebloginCarLoan" time="0.002" classname="test.day3"/>
  <testcase name="ploan" time="0.0" classname="test.day2">
    <ignored/>
  </testcase> <!-- ploan -->
  <testcase name="MobileLogincarLoan" time="0.0" classname="test.day3">
    <ignored/>
  </testcase> <!-- MobileLogincarLoan -->
  <testcase name="MobileLoginHomeLoan" time="0.0" classname="test.day4">
    <ignored/>
  </testcase> <!-- MobileLoginHomeLoan -->
</testsuite> <!-- Regression -->
