<?xml version="1.0" encoding="UTF-8"?>
<!-- Generated by org.testng.reporters.JUnitXMLReporter -->
<testsuite hostname="Venkatesh-pc" name="Smoke Testcases" tests="13" failures="0" timestamp="16 Jan 2015 10:33:52 GMT" time="0.166" errors="0">
  <testcase name="software" time="0.009" classname="testngFiles.Annot2"/>
  <testcase name="software" time="0.013" classname="packTwo.Annot2"/>
  <testcase name="OpeningBrowser" time="0.001" classname="testngFiles.Annotations"/>
  <testcase name="FlightBooking" time="0.003" classname="testngFiles.Annotations">
    <skipped/>
  </testcase> <!-- FlightBooking -->
  <testcase name="OpeningBrowser" time="0.002" classname="packTwo.Annotations"/>
  <testcase name="FlightCancel" time="0.002" classname="packTwo.Annotations"/>
  <testcase name="FlightBooking" time="0.001" classname="packTwo.Annotations"/>
  <testcase name="OpeningBrowser" time="0.002" classname="testngFiles.DependenyAnnot"/>
  <testcase name="Timerelated" time="0.016" classname="testngFiles.DependenyAnnot"/>
  <testcase name="FlightBooking" time="0.003" classname="testngFiles.DependenyAnnot"/>
  <testcase name="OpeningBrowser" time="0.002" classname="packTwo.DependenyAnnot"/>
  <testcase name="Timerelated" time="0.003" classname="packTwo.DependenyAnnot"/>
  <testcase name="FlightBooking" time="0.003" classname="packTwo.DependenyAnnot"/>
</testsuite> <!-- Smoke Testcases -->
