<?xml version="1.0" encoding="UTF-8"?>
<testsuite hostname="Venkatesh-pc" name="Banking.AppTest" tests="3" failures="1" timestamp="16 Jan 2015 10:23:51 GMT" time="0.039" errors="0">
  <testcase name="FlightBooking" time="0.002" classname="Banking.AppTest"/>
  <testcase name="FlightCancel" time="0.0" classname="Banking.AppTest"/>
  <testcase name="OpeningBrowser" time="0.0" classname="Banking.AppTest">
    <failure type="java.lang.Error" message="Unresolved compilation problems: 
	Webdriver cannot be resolved to a type
	FirefoxDriver cannot be resolved to a type
">
      <![CDATA[java.lang.Error: Unresolved compilation problems: 
	Webdriver cannot be resolved to a type
	FirefoxDriver cannot be resolved to a type

	at Banking.AppTest.OpeningBrowser(AppTest.java:38)
	at org.apache.maven.surefire.testng.TestNGExecutor.run(TestNGExecutor.java:77)
	at org.apache.maven.surefire.testng.TestNGDirectoryTestSuite.execute(TestNGDirectoryTestSuite.java:110)
	at org.apache.maven.surefire.testng.TestNGProvider.invoke(TestNGProvider.java:106)
	at org.apache.maven.surefire.util.ReflectionUtils.invokeMethodWithArray(ReflectionUtils.java:189)
	at org.apache.maven.surefire.booter.ProviderFactory$ProviderProxy.invoke(ProviderFactory.java:165)
	at org.apache.maven.surefire.booter.ProviderFactory.invokeProvider(ProviderFactory.java:85)
	at org.apache.maven.surefire.booter.ForkedBooter.runSuitesInProcess(ForkedBooter.java:115)
	at org.apache.maven.surefire.booter.ForkedBooter.main(ForkedBooter.java:75)
... Removed 26 stack frames]]>
    </failure>
  </testcase>
</testsuite>
