<?xml version="1.0" encoding="UTF-8"?>
<testng-results skipped="0" failed="0" total="1" passed="1">
  <reporter-output>
  </reporter-output>
  <suite name="Automatio Test" duration-ms="41945" started-at="2015-01-17T06:57:16Z" finished-at="2015-01-17T06:57:58Z">
    <groups>
    </groups>
    <test name="Smoke Testcases" duration-ms="41945" started-at="2015-01-17T06:57:16Z" finished-at="2015-01-17T06:57:58Z">
      <class name="pageobjecttestcases.SampleTest">
        <test-method status="PASS" signature="LoginApp()[pri:0, instance:pageobjecttestcases.SampleTest@184e6efc]" name="LoginApp" duration-ms="41908" started-at="2015-01-17T12:27:16Z" finished-at="2015-01-17T12:27:58Z">
          <reporter-output>
          </reporter-output>
        </test-method> <!-- LoginApp -->
      </class> <!-- pageobjecttestcases.SampleTest -->
    </test> <!-- Smoke Testcases -->
  </suite> <!-- Automatio Test -->
</testng-results>
