<?xml version="1.0" encoding="UTF-8"?>
<!-- Generated by org.testng.reporters.JUnitXMLReporter -->
<testsuite hostname="Venkatesh-pc" name="Default test" tests="3" failures="0" timestamp="16 Jan 2015 10:11:13 GMT" time="0.096" errors="0">
  <testcase name="FlightBooking" time="0.013" classname="Banking.AppTest"/>
  <testcase name="FlightCancel" time="0.001" classname="Banking.AppTest"/>
  <testcase name="OpeningBrowser" time="0.001" classname="Banking.AppTest"/>
</testsuite> <!-- Default test -->
